-------------------------------------------------------------------------------
Test set: TestSuite
-------------------------------------------------------------------------------
Tests run: 4, Failures: 2, Errors: 0, Skipped: 0, Time elapsed: 4.99 s <<< FAILURE! - in TestSuite
case1(allreTestCases.Testingg)  Time elapsed: 0.107 s  <<< FAILURE!
java.lang.AssertionError: expected [false] but found [true]
	at allreTestCases.Testingg.case1(Testingg.java:41)

case2(allreTestCases.Testingg)  Time elapsed: 0.005 s  <<< FAILURE!
java.lang.AssertionError: expected [false] but found [true]
	at allreTestCases.Testingg.case2(Testingg.java:50)

