<?xml version="1.0" encoding="UTF-8"?>
<testsuite xmlns:xsi="http://www.w3.org/2001/XMLSchema-instance" xsi:noNamespaceSchemaLocation="https://maven.apache.org/surefire/maven-surefire-plugin/xsd/surefire-test-report-3.0.xsd" version="3.0" name="TestSuite" time="4.99" tests="4" errors="0" skipped="0" failures="2">
  <properties>
[...]
</properties>
  <testcase name="case1" classname="allreTestCases.Testingg" time="0.107">
    <failure message="expected [false] but found [true]" type="java.lang.AssertionError">java.lang.AssertionError: expected [false] but found [true]
	at allreTestCases.Testingg.case1(Testingg.java:41)
</failure>
    <system-out><![CDATA[[TestNGContentHandler] [WARN] It is strongly recommended to add "<!DOCTYPE suite SYSTEM "http://testng.org/testng-1.0.dtd" >" at the top of your file, otherwise TestNG may fail or not work as expected.
]]></system-out>
    <system-err><![CDATA[SLF4J: Failed to load class "org.slf4j.impl.StaticLoggerBinder".
SLF4J: Defaulting to no-operation (NOP) logger implementation
SLF4J: See http://www.slf4j.org/codes.html#StaticLoggerBinder for further details.
ERROR StatusLogger Log4j2 could not find a logging implementation. Please add log4j-core to the classpath. Using SimpleLogger to log to the console...
]]></system-err>
  </testcase>
  <testcase name="case2" classname="allreTestCases.Testingg" time="0.005">
    <failure message="expected [false] but found [true]" type="java.lang.AssertionError">java.lang.AssertionError: expected [false] but found [true]
	at allreTestCases.Testingg.case2(Testingg.java:50)
</failure>
  </testcase>
  <testcase name="case3" classname="allreTestCases.Testingg" time="0.01"/>
  <testcase name="case4" classname="allreTestCases.Testingg" time="0.004"/>
</testsuite>